{"uuid":"3ccb3c8c-63e6-4b26-87d9-192e9edeae71","historyId":"8d3e38aa7b8c32b8716ec0b6bf496a9b","fullName":"com.qa.jms.tests.AddPublisherTest.addPublisherTest","labels":[{"name":"package","value":"com.qa.jms.tests.AddPublisherTest"},{"name":"testClass","value":"com.qa.jms.tests.AddPublisherTest"},{"name":"testMethod","value":"addPublisherTest"},{"name":"parentSuite","value":"Default suite"},{"name":"suite","value":"Default test"},{"name":"subSuite","value":"com.qa.jms.tests.AddPublisherTest"},{"name":"host","value":"PDMR-WS236"},{"name":"thread","value":"17836@PDMR-WS236.main(1)"},{"name":"framework","value":"testng"},{"name":"language","value":"java"}],"links":[],"name":"addPublisherTest","status":"broken","statusDetails":{"known":false,"muted":false,"flaky":false,"message":"Error {\n  message='Error: Node is not an HTMLInputElement\n  name='Error\n  stack='Error: Error: Node is not an HTMLInputElement\n    at CRExecutionContext.evaluateWithArguments (C:\\Users\\SJAYAL~1\\AppData\\Local\\Temp\\playwright-java-9131883230330944127\\package\\lib\\server\\chromium\\crExecutionContext.js:79:33)\n    at async LongStandingScope._race (C:\\Users\\SJAYAL~1\\AppData\\Local\\Temp\\playwright-java-9131883230330944127\\package\\lib\\utils\\manualPromise.js:96:14)\n    at async evaluateExpression (C:\\Users\\SJAYAL~1\\AppData\\Local\\Temp\\playwright-java-9131883230330944127\\package\\lib\\server\\javascript.js:229:12)\n    at async ElementHandle.evaluateHandleInUtility (C:\\Users\\SJAYAL~1\\AppData\\Local\\Temp\\playwright-java-9131883230330944127\\package\\lib\\server\\dom.js:135:14)\n    at async ElementHandle._setInputFiles (C:\\Users\\SJAYAL~1\\AppData\\Local\\Temp\\playwright-java-9131883230330944127\\package\\lib\\server\\dom.js:609:20)\n    at async C:\\Users\\SJAYAL~1\\AppData\\Local\\Temp\\playwright-java-9131883230330944127\\package\\lib\\server\\frames.js:1003:24\n    at async Frame.retryWithProgressAndTimeouts (C:\\Users\\SJAYAL~1\\AppData\\Local\\Temp\\playwright-java-9131883230330944127\\package\\lib\\server\\frames.js:935:24)\n    at async C:\\Users\\SJAYAL~1\\AppData\\Local\\Temp\\playwright-java-9131883230330944127\\package\\lib\\server\\frames.js:1198:29\n    at async ProgressController.run (C:\\Users\\SJAYAL~1\\AppData\\Local\\Temp\\playwright-java-9131883230330944127\\package\\lib\\server\\progress.js:79:22)\n    at async FrameDispatcher.setInputFiles (C:\\Users\\SJAYAL~1\\AppData\\Local\\Temp\\playwright-java-9131883230330944127\\package\\lib\\server\\dispatchers\\frameDispatcher.js:246:12)\n}\nCall log:\n-   - waiting for locator(\"//button[normalize-space()='Upload Image']\")\n-     - locator resolved to <button type=\"button\" class=\"_custom-input_o02gv_284\">Upload Image</button>\n","trace":"com.microsoft.playwright.PlaywrightException: Error {\n  message='Error: Node is not an HTMLInputElement\n  name='Error\n  stack='Error: Error: Node is not an HTMLInputElement\n    at CRExecutionContext.evaluateWithArguments (C:\\Users\\SJAYAL~1\\AppData\\Local\\Temp\\playwright-java-9131883230330944127\\package\\lib\\server\\chromium\\crExecutionContext.js:79:33)\n    at async LongStandingScope._race (C:\\Users\\SJAYAL~1\\AppData\\Local\\Temp\\playwright-java-9131883230330944127\\package\\lib\\utils\\manualPromise.js:96:14)\n    at async evaluateExpression (C:\\Users\\SJAYAL~1\\AppData\\Local\\Temp\\playwright-java-9131883230330944127\\package\\lib\\server\\javascript.js:229:12)\n    at async ElementHandle.evaluateHandleInUtility (C:\\Users\\SJAYAL~1\\AppData\\Local\\Temp\\playwright-java-9131883230330944127\\package\\lib\\server\\dom.js:135:14)\n    at async ElementHandle._setInputFiles (C:\\Users\\SJAYAL~1\\AppData\\Local\\Temp\\playwright-java-9131883230330944127\\package\\lib\\server\\dom.js:609:20)\n    at async C:\\Users\\SJAYAL~1\\AppData\\Local\\Temp\\playwright-java-9131883230330944127\\package\\lib\\server\\frames.js:1003:24\n    at async Frame.retryWithProgressAndTimeouts (C:\\Users\\SJAYAL~1\\AppData\\Local\\Temp\\playwright-java-9131883230330944127\\package\\lib\\server\\frames.js:935:24)\n    at async C:\\Users\\SJAYAL~1\\AppData\\Local\\Temp\\playwright-java-9131883230330944127\\package\\lib\\server\\frames.js:1198:29\n    at async ProgressController.run (C:\\Users\\SJAYAL~1\\AppData\\Local\\Temp\\playwright-java-9131883230330944127\\package\\lib\\server\\progress.js:79:22)\n    at async FrameDispatcher.setInputFiles (C:\\Users\\SJAYAL~1\\AppData\\Local\\Temp\\playwright-java-9131883230330944127\\package\\lib\\server\\dispatchers\\frameDispatcher.js:246:12)\n}\nCall log:\n-   - waiting for locator(\"//button[normalize-space()='Upload Image']\")\n-     - locator resolved to <button type=\"button\" class=\"_custom-input_o02gv_284\">Upload Image</button>\n\r\n\tat com.microsoft.playwright.impl.WaitableResult.get(WaitableResult.java:56)\r\n\tat com.microsoft.playwright.impl.ChannelOwner.runUntil(ChannelOwner.java:132)\r\n\tat com.microsoft.playwright.impl.Connection.sendMessage(Connection.java:130)\r\n\tat com.microsoft.playwright.impl.ChannelOwner.sendMessage(ChannelOwner.java:118)\r\n\tat com.microsoft.playwright.impl.FrameImpl.setInputFilesImpl(FrameImpl.java:770)\r\n\tat com.microsoft.playwright.impl.PageImpl.lambda$setInputFiles$77(PageImpl.java:1300)\r\n\tat com.microsoft.playwright.impl.LoggingSupport.lambda$withLogging$0(LoggingSupport.java:36)\r\n\tat com.microsoft.playwright.impl.LoggingSupport.withLogging(LoggingSupport.java:47)\r\n\tat com.microsoft.playwright.impl.ChannelOwner.withLogging(ChannelOwner.java:97)\r\n\tat com.microsoft.playwright.impl.LoggingSupport.withLogging(LoggingSupport.java:35)\r\n\tat com.microsoft.playwright.impl.PageImpl.setInputFiles(PageImpl.java:1299)\r\n\tat com.microsoft.playwright.impl.PageImpl.setInputFiles(PageImpl.java:1294)\r\n\tat com.microsoft.playwright.Page.setInputFiles(Page.java:7226)\r\n\tat com.qa.jms.pages.AddPublisherPage.uploadPublisherLogo(AddPublisherPage.java:272)\r\n\tat com.qa.jms.tests.AddPublisherTest.addPublisherTest(AddPublisherTest.java:41)\r\n\tat java.base/jdk.internal.reflect.NativeMethodAccessorImpl.invoke0(Native Method)\r\n\tat java.base/jdk.internal.reflect.NativeMethodAccessorImpl.invoke(NativeMethodAccessorImpl.java:77)\r\n\tat java.base/jdk.internal.reflect.DelegatingMethodAccessorImpl.invoke(DelegatingMethodAccessorImpl.java:43)\r\n\tat java.base/java.lang.reflect.Method.invoke(Method.java:568)\r\n\tat org.testng.internal.invokers.MethodInvocationHelper.invokeMethod(MethodInvocationHelper.java:141)\r\n\tat org.testng.internal.invokers.TestInvoker.invokeMethod(TestInvoker.java:686)\r\n\tat org.testng.internal.invokers.TestInvoker.invokeTestMethod(TestInvoker.java:230)\r\n\tat org.testng.internal.invokers.MethodRunner.runInSequence(MethodRunner.java:63)\r\n\tat org.testng.internal.invokers.TestInvoker$MethodInvocationAgent.invoke(TestInvoker.java:992)\r\n\tat org.testng.internal.invokers.TestInvoker.invokeTestMethods(TestInvoker.java:203)\r\n\tat org.testng.internal.invokers.TestMethodWorker.invokeTestMethods(TestMethodWorker.java:154)\r\n\tat org.testng.internal.invokers.TestMethodWorker.run(TestMethodWorker.java:134)\r\n\tat java.base/java.util.ArrayList.forEach(ArrayList.java:1511)\r\n\tat org.testng.TestRunner.privateRun(TestRunner.java:739)\r\n\tat org.testng.TestRunner.run(TestRunner.java:614)\r\n\tat org.testng.SuiteRunner.runTest(SuiteRunner.java:421)\r\n\tat org.testng.SuiteRunner.runSequentially(SuiteRunner.java:413)\r\n\tat org.testng.SuiteRunner.privateRun(SuiteRunner.java:373)\r\n\tat org.testng.SuiteRunner.run(SuiteRunner.java:312)\r\n\tat org.testng.SuiteRunnerWorker.runSuite(SuiteRunnerWorker.java:52)\r\n\tat org.testng.SuiteRunnerWorker.run(SuiteRunnerWorker.java:95)\r\n\tat org.testng.TestNG.runSuitesSequentially(TestNG.java:1274)\r\n\tat org.testng.TestNG.runSuitesLocally(TestNG.java:1208)\r\n\tat org.testng.TestNG.runSuites(TestNG.java:1112)\r\n\tat org.testng.TestNG.run(TestNG.java:1079)\r\n\tat org.testng.remote.AbstractRemoteTestNG.run(AbstractRemoteTestNG.java:115)\r\n\tat org.testng.remote.RemoteTestNG.initAndRun(RemoteTestNG.java:293)\r\n\tat org.testng.remote.RemoteTestNG.main(RemoteTestNG.java:91)\r\nCaused by: com.microsoft.playwright.impl.DriverException: Error {\n  message='Error: Node is not an HTMLInputElement\n  name='Error\n  stack='Error: Error: Node is not an HTMLInputElement\n    at CRExecutionContext.evaluateWithArguments (C:\\Users\\SJAYAL~1\\AppData\\Local\\Temp\\playwright-java-9131883230330944127\\package\\lib\\server\\chromium\\crExecutionContext.js:79:33)\n    at async LongStandingScope._race (C:\\Users\\SJAYAL~1\\AppData\\Local\\Temp\\playwright-java-9131883230330944127\\package\\lib\\utils\\manualPromise.js:96:14)\n    at async evaluateExpression (C:\\Users\\SJAYAL~1\\AppData\\Local\\Temp\\playwright-java-9131883230330944127\\package\\lib\\server\\javascript.js:229:12)\n    at async ElementHandle.evaluateHandleInUtility (C:\\Users\\SJAYAL~1\\AppData\\Local\\Temp\\playwright-java-9131883230330944127\\package\\lib\\server\\dom.js:135:14)\n    at async ElementHandle._setInputFiles (C:\\Users\\SJAYAL~1\\AppData\\Local\\Temp\\playwright-java-9131883230330944127\\package\\lib\\server\\dom.js:609:20)\n    at async C:\\Users\\SJAYAL~1\\AppData\\Local\\Temp\\playwright-java-9131883230330944127\\package\\lib\\server\\frames.js:1003:24\n    at async Frame.retryWithProgressAndTimeouts (C:\\Users\\SJAYAL~1\\AppData\\Local\\Temp\\playwright-java-9131883230330944127\\package\\lib\\server\\frames.js:935:24)\n    at async C:\\Users\\SJAYAL~1\\AppData\\Local\\Temp\\playwright-java-9131883230330944127\\package\\lib\\server\\frames.js:1198:29\n    at async ProgressController.run (C:\\Users\\SJAYAL~1\\AppData\\Local\\Temp\\playwright-java-9131883230330944127\\package\\lib\\server\\progress.js:79:22)\n    at async FrameDispatcher.setInputFiles (C:\\Users\\SJAYAL~1\\AppData\\Local\\Temp\\playwright-java-9131883230330944127\\package\\lib\\server\\dispatchers\\frameDispatcher.js:246:12)\n}\nCall log:\n-   - waiting for locator(\"//button[normalize-space()='Upload Image']\")\n-     - locator resolved to <button type=\"button\" class=\"_custom-input_o02gv_284\">Upload Image</button>\n\r\n\tat com.microsoft.playwright.impl.Connection.dispatch(Connection.java:259)\r\n\tat com.microsoft.playwright.impl.Connection.processOneMessage(Connection.java:211)\r\n\tat com.microsoft.playwright.impl.ChannelOwner.runUntil(ChannelOwner.java:130)\r\n\t... 41 more\r\n"},"stage":"finished","steps":[],"attachments":[],"parameters":[],"start":1733300646274,"stop":1733300652470}